<?xml version="1.0" encoding="UTF-8"?>
<testsuite xmlns:xsi="http://www.w3.org/2001/XMLSchema-instance" xsi:noNamespaceSchemaLocation="https://maven.apache.org/surefire/maven-surefire-plugin/xsd/surefire-test-report.xsd" name="org.emgs.junit5app.ejemplos.models.CuentaTest" time="12.636" tests="3" errors="1" skipped="0" failures="0">
  <properties>
[...]
</properties>
  <testcase name="testTimeOut" classname="org.emgs.junit5app.ejemplos.models.CuentaTest$EjemploTimeOutTest" time="4.545"/>
  <testcase name="purebaTimeOut" classname="org.emgs.junit5app.ejemplos.models.CuentaTest$EjemploTimeOutTest" time="4.025">
    <error message="purebaTimeOut() timed out after 4 seconds" type="java.util.concurrent.TimeoutException">java.util.concurrent.TimeoutException: purebaTimeOut() timed out after 4 seconds
</error>
    <system-out><![CDATA[Iniciando metodo
Finalizando metodo de prueba
]]></system-out>
  </testcase>
  <testcase name="purebaTimeOut2" classname="org.emgs.junit5app.ejemplos.models.CuentaTest$EjemploTimeOutTest" time="4.027"/>
</testsuite>